d:\code\oop\full\oop\oop\x64\debug\vc142.pdb
d:\code\oop\full\oop\oop\x64\debug\vc142.idb
d:\code\oop\full\oop\oop\x64\debug\point.obj
d:\code\oop\full\oop\oop\x64\debug\unit.obj
d:\code\oop\full\oop\oop\x64\debug\player.obj
d:\code\oop\full\oop\oop\x64\debug\moveplayer.obj
d:\code\oop\full\oop\oop\x64\debug\warrior.obj
d:\code\oop\full\oop\oop\x64\debug\tank.obj
d:\code\oop\full\oop\oop\x64\debug\moveenemy.obj
d:\code\oop\full\oop\oop\x64\debug\enemy.obj
d:\code\oop\full\oop\oop\x64\debug\map.obj
d:\code\oop\full\oop\oop\x64\debug\cell.obj
d:\code\oop\full\oop\oop\x64\debug\main.obj
d:\code\oop\full\oop\oop\x64\debug\input.obj
d:\code\oop\full\oop\oop\x64\debug\graphics.obj
d:\code\oop\full\oop\oop\x64\debug\game.obj
d:\code\oop\full\oop\oop\x64\debug\customtexture.obj
d:\code\oop\full\oop\oop\x64\debug\wall.obj
d:\code\oop\full\oop\x64\debug\oop.exe
d:\code\oop\full\oop\oop\x64\debug\oop.ilk
d:\code\oop\full\oop\x64\debug\oop.pdb
d:\code\oop\full\oop\oop\x64\debug\oop.tlog\cl.command.1.tlog
d:\code\oop\full\oop\oop\x64\debug\oop.tlog\cl.read.1.tlog
d:\code\oop\full\oop\oop\x64\debug\oop.tlog\cl.write.1.tlog
d:\code\oop\full\oop\oop\x64\debug\oop.tlog\link.command.1.tlog
d:\code\oop\full\oop\oop\x64\debug\oop.tlog\link.read.1.tlog
d:\code\oop\full\oop\oop\x64\debug\oop.tlog\link.write.1.tlog
